[11:48:11 AM] [semantic-release] » ℹ  Running semantic-release version 24.2.0
[11:48:12 AM] [semantic-release] » ✔  Loaded plugin "verifyConditions" from "@semantic-release/git"
[11:48:12 AM] [semantic-release] » ✔  Loaded plugin "verifyConditions" from "@semantic-release/github"
[11:48:12 AM] [semantic-release] » ✔  Loaded plugin "analyzeCommits" from "@semantic-release/commit-analyzer"
[11:48:12 AM] [semantic-release] » ✔  Loaded plugin "generateNotes" from "@semantic-release/release-notes-generator"
[11:48:12 AM] [semantic-release] » ✔  Loaded plugin "prepare" from "@semantic-release/git"
[11:48:12 AM] [semantic-release] » ✔  Loaded plugin "publish" from "@semantic-release/github"
[11:48:12 AM] [semantic-release] » ✔  Loaded plugin "addChannel" from "@semantic-release/github"
[11:48:12 AM] [semantic-release] » ✔  Loaded plugin "success" from "@semantic-release/github"
[11:48:12 AM] [semantic-release] » ✔  Loaded plugin "fail" from "@semantic-release/github"
[11:48:33 AM] [semantic-release] » ✔  Allowed to push to the Git repository
[11:48:33 AM] [semantic-release] » ℹ  Start step "verifyConditions" of plugin "@semantic-release/git"
[11:48:33 AM] [semantic-release] » ✔  Completed step "verifyConditions" of plugin "@semantic-release/git"
[11:48:33 AM] [semantic-release] » ℹ  Start step "verifyConditions" of plugin "@semantic-release/github"
[11:48:33 AM] [semantic-release] [@semantic-release/github] » ℹ  Verify GitHub authentication
[11:48:33 AM] [semantic-release] » ✔  Completed step "verifyConditions" of plugin "@semantic-release/github"
[11:48:34 AM] [semantic-release] » ℹ  Found git tag v1.0.0-dev.7 associated with version 1.0.0-dev.7 on branch dev
[11:48:34 AM] [semantic-release] » ℹ  Found 0 commits since last release
[11:48:34 AM] [semantic-release] » ℹ  Start step "analyzeCommits" of plugin "@semantic-release/commit-analyzer"
[11:48:34 AM] [semantic-release] [@semantic-release/commit-analyzer] » ℹ  Analysis of 0 commits complete: no release
[11:48:34 AM] [semantic-release] » ✔  Completed step "analyzeCommits" of plugin "@semantic-release/commit-analyzer"
[11:48:34 AM] [semantic-release] » ℹ  There are no relevant changes, so no new version is released.
